<?xml version="1.0" encoding="UTF-8"?>
<robot generator="Robot 5.0.1 (Python 3.8.9 on darwin)" generated="20221019 20:11:39.392" rpa="false" schemaversion="3">
<suite id="s1" name="loginCases" source="/Users/aliisatas/PycharmProjects/ECommerceRobotFramework/tests/loginCases.robot">
<test id="s1-t1" name="Succesfull login" line="9">
<kw name="setup chrome" library="setup" type="SETUP">
<kw name="Get Chrome Driver" library="driver">
<var>${chrome_driver}</var>
<msg timestamp="20221019 20:11:39.535" level="INFO">====== WebDriver manager ======</msg>
<msg timestamp="20221019 20:11:39.585" level="INFO">Get LATEST chromedriver version for google-chrome 106.0.5249</msg>
<msg timestamp="20221019 20:11:39.683" level="INFO">Driver [/Users/aliisatas/.wdm/drivers/chromedriver/mac_arm64/106.0.5249/chromedriver] found in cache</msg>
<msg timestamp="20221019 20:11:39.684" level="INFO">${chrome_driver} = /Users/aliisatas/.wdm/drivers/chromedriver/mac_arm64/106.0.5249/chromedriver</msg>
<status status="PASS" starttime="20221019 20:11:39.535" endtime="20221019 20:11:39.684"/>
</kw>
<kw name="Create Webdriver" library="SeleniumLibrary">
<arg>${chrome_browser}</arg>
<arg>executable_path=${chrome_driver}</arg>
<doc>Creates an instance of Selenium WebDriver.</doc>
<msg timestamp="20221019 20:11:39.684" level="INFO">Creating an instance of the Chrome WebDriver.</msg>
<status status="PASS" starttime="20221019 20:11:39.684" endtime="20221019 20:11:41.051"/>
</kw>
<kw name="Go To" library="SeleniumLibrary">
<arg>${base_url}</arg>
<doc>Navigates the current browser window to the provided ``url``.</doc>
<msg timestamp="20221019 20:11:41.052" level="INFO">Opening url 'https://www.amazon.nl/'</msg>
<status status="PASS" starttime="20221019 20:11:41.052" endtime="20221019 20:11:42.503"/>
</kw>
<kw name="Maximize Browser Window" library="SeleniumLibrary">
<doc>Maximizes current browser window.</doc>
<status status="PASS" starttime="20221019 20:11:42.503" endtime="20221019 20:11:42.654"/>
</kw>
<status status="PASS" starttime="20221019 20:11:39.535" endtime="20221019 20:11:42.654"/>
</kw>
<kw name="Valid Login" library="loginSteps">
<kw name="Click Element" library="SeleniumLibrary">
<arg>${acceptcookie}</arg>
<doc>Click the element identified by ``locator``.</doc>
<msg timestamp="20221019 20:11:42.655" level="INFO">Clicking element 'sp-cc-accept'.</msg>
<status status="PASS" starttime="20221019 20:11:42.655" endtime="20221019 20:11:42.709"/>
</kw>
<kw name="Click Element" library="SeleniumLibrary">
<arg>${loginbutton}</arg>
<doc>Click the element identified by ``locator``.</doc>
<msg timestamp="20221019 20:11:42.709" level="INFO">Clicking element '//*[@class='nav-line-1-container']'.</msg>
<status status="PASS" starttime="20221019 20:11:42.709" endtime="20221019 20:11:43.114"/>
</kw>
<kw name="fill the email" library="loginKeyword">
<arg>${input_email}</arg>
<arg>dihagen296@edxplus.com</arg>
<kw name="Input Text" library="SeleniumLibrary">
<arg>${element}</arg>
<arg>${email}</arg>
<doc>Types the given ``text`` into the text field identified by ``locator``.</doc>
<msg timestamp="20221019 20:11:43.114" level="INFO">Typing text 'dihagen296@edxplus.com' into text field 'ap_email'.</msg>
<status status="PASS" starttime="20221019 20:11:43.114" endtime="20221019 20:11:43.178"/>
</kw>
<status status="PASS" starttime="20221019 20:11:43.114" endtime="20221019 20:11:43.178"/>
</kw>
<kw name="Wait Until Element Is Visible" library="SeleniumLibrary">
<arg>${continue_button}</arg>
<doc>Waits until the element ``locator`` is visible.</doc>
<status status="PASS" starttime="20221019 20:11:43.178" endtime="20221019 20:11:43.190"/>
</kw>
<kw name="Click Element" library="SeleniumLibrary">
<arg>${continue_button}</arg>
<doc>Click the element identified by ``locator``.</doc>
<msg timestamp="20221019 20:11:43.190" level="INFO">Clicking element '//*[@class='a-button a-button-span12 a-button-primary']'.</msg>
<status status="PASS" starttime="20221019 20:11:43.190" endtime="20221019 20:11:43.552"/>
</kw>
<kw name="fill the password" library="loginKeyword">
<arg>${input_password}</arg>
<arg>123123Tek</arg>
<kw name="Input Password" library="SeleniumLibrary">
<arg>${element}</arg>
<arg>${password}</arg>
<doc>Types the given password into the text field identified by ``locator``.</doc>
<msg timestamp="20221019 20:11:43.552" level="INFO">Typing password into text field '//*[@id='ap_password']'.</msg>
<msg timestamp="20221019 20:11:43.575" level="INFO">Temporally setting log level to: NONE</msg>
<msg timestamp="20221019 20:11:43.589" level="INFO">Log level changed from NONE to INFO.</msg>
<status status="PASS" starttime="20221019 20:11:43.552" endtime="20221019 20:11:43.589"/>
</kw>
<status status="PASS" starttime="20221019 20:11:43.552" endtime="20221019 20:11:43.589"/>
</kw>
<kw name="Click Element" library="SeleniumLibrary">
<arg>${submit_button}</arg>
<doc>Click the element identified by ``locator``.</doc>
<msg timestamp="20221019 20:11:43.589" level="INFO">Clicking element 'signInSubmit'.</msg>
<status status="PASS" starttime="20221019 20:11:43.589" endtime="20221019 20:11:43.621"/>
</kw>
<kw name="Wait Until Element Is Visible" library="SeleniumLibrary">
<arg>${account_name}</arg>
<doc>Waits until the element ``locator`` is visible.</doc>
<status status="PASS" starttime="20221019 20:11:43.621" endtime="20221019 20:11:45.206"/>
</kw>
<kw name="Element Text Should Be" library="SeleniumLibrary">
<arg>${account_name}</arg>
<arg>Hallo, test</arg>
<doc>Verifies that element ``locator`` contains exact the text ``expected``.</doc>
<msg timestamp="20221019 20:11:45.206" level="INFO">Verifying element '//*[@id='nav-link-accountList-nav-line-1']' contains exact text 'Hallo, test'.</msg>
<status status="PASS" starttime="20221019 20:11:45.206" endtime="20221019 20:11:45.215"/>
</kw>
<status status="PASS" starttime="20221019 20:11:42.654" endtime="20221019 20:11:45.215"/>
</kw>
<kw name="close session" library="setup" type="TEARDOWN">
<kw name="Close All Browsers" library="SeleniumLibrary">
<doc>Closes all open browsers and resets the browser cache.</doc>
<status status="PASS" starttime="20221019 20:11:45.216" endtime="20221019 20:11:45.317"/>
</kw>
<status status="PASS" starttime="20221019 20:11:45.215" endtime="20221019 20:11:45.317"/>
</kw>
<doc>Successfull login with valid email and password</doc>
<tag>Smoke test for login test</tag>
<status status="PASS" starttime="20221019 20:11:39.534" endtime="20221019 20:11:45.317"/>
</test>
<test id="s1-t2" name="Unsuccesfull login" line="14">
<kw name="setup chrome" library="setup" type="SETUP">
<kw name="Get Chrome Driver" library="driver">
<var>${chrome_driver}</var>
<msg timestamp="20221019 20:11:45.318" level="INFO">====== WebDriver manager ======</msg>
<msg timestamp="20221019 20:11:45.358" level="INFO">Get LATEST chromedriver version for google-chrome 106.0.5249</msg>
<msg timestamp="20221019 20:11:45.450" level="INFO">Driver [/Users/aliisatas/.wdm/drivers/chromedriver/mac_arm64/106.0.5249/chromedriver] found in cache</msg>
<msg timestamp="20221019 20:11:45.451" level="INFO">${chrome_driver} = /Users/aliisatas/.wdm/drivers/chromedriver/mac_arm64/106.0.5249/chromedriver</msg>
<status status="PASS" starttime="20221019 20:11:45.318" endtime="20221019 20:11:45.451"/>
</kw>
<kw name="Create Webdriver" library="SeleniumLibrary">
<arg>${chrome_browser}</arg>
<arg>executable_path=${chrome_driver}</arg>
<doc>Creates an instance of Selenium WebDriver.</doc>
<msg timestamp="20221019 20:11:45.451" level="INFO">Creating an instance of the Chrome WebDriver.</msg>
<status status="PASS" starttime="20221019 20:11:45.451" endtime="20221019 20:11:46.664"/>
</kw>
<kw name="Go To" library="SeleniumLibrary">
<arg>${base_url}</arg>
<doc>Navigates the current browser window to the provided ``url``.</doc>
<msg timestamp="20221019 20:11:46.664" level="INFO">Opening url 'https://www.amazon.nl/'</msg>
<status status="PASS" starttime="20221019 20:11:46.664" endtime="20221019 20:11:47.783"/>
</kw>
<kw name="Maximize Browser Window" library="SeleniumLibrary">
<doc>Maximizes current browser window.</doc>
<status status="PASS" starttime="20221019 20:11:47.783" endtime="20221019 20:11:47.921"/>
</kw>
<status status="PASS" starttime="20221019 20:11:45.318" endtime="20221019 20:11:47.921"/>
</kw>
<kw name="Invalid login with mail" library="loginSteps">
<kw name="Click Element" library="SeleniumLibrary">
<arg>${acceptcookie}</arg>
<doc>Click the element identified by ``locator``.</doc>
<msg timestamp="20221019 20:11:47.922" level="INFO">Clicking element 'sp-cc-accept'.</msg>
<status status="PASS" starttime="20221019 20:11:47.922" endtime="20221019 20:11:47.992"/>
</kw>
<kw name="Wait Until Element Is Visible" library="SeleniumLibrary">
<arg>${loginbutton}</arg>
<doc>Waits until the element ``locator`` is visible.</doc>
<status status="PASS" starttime="20221019 20:11:47.993" endtime="20221019 20:11:48.008"/>
</kw>
<kw name="Click Element" library="SeleniumLibrary">
<arg>${loginbutton}</arg>
<doc>Click the element identified by ``locator``.</doc>
<msg timestamp="20221019 20:11:48.008" level="INFO">Clicking element '//*[@class='nav-line-1-container']'.</msg>
<status status="PASS" starttime="20221019 20:11:48.008" endtime="20221019 20:11:48.315"/>
</kw>
<kw name="fill the email" library="loginKeyword">
<arg>${input_email}</arg>
<arg>diiihagen296@edxplus.com</arg>
<kw name="Input Text" library="SeleniumLibrary">
<arg>${element}</arg>
<arg>${email}</arg>
<doc>Types the given ``text`` into the text field identified by ``locator``.</doc>
<msg timestamp="20221019 20:11:48.315" level="INFO">Typing text 'diiihagen296@edxplus.com' into text field 'ap_email'.</msg>
<status status="PASS" starttime="20221019 20:11:48.315" endtime="20221019 20:11:48.375"/>
</kw>
<status status="PASS" starttime="20221019 20:11:48.315" endtime="20221019 20:11:48.375"/>
</kw>
<kw name="Wait Until Element Is Visible" library="SeleniumLibrary">
<arg>${continue_button}</arg>
<doc>Waits until the element ``locator`` is visible.</doc>
<status status="PASS" starttime="20221019 20:11:48.375" endtime="20221019 20:11:48.386"/>
</kw>
<kw name="Click Element" library="SeleniumLibrary">
<arg>${continue_button}</arg>
<doc>Click the element identified by ``locator``.</doc>
<msg timestamp="20221019 20:11:48.386" level="INFO">Clicking element '//*[@class='a-button a-button-span12 a-button-primary']'.</msg>
<status status="PASS" starttime="20221019 20:11:48.386" endtime="20221019 20:11:48.575"/>
</kw>
<kw name="error message get text" library="loginKeyword">
<kw name="Get Text" library="SeleniumLibrary">
<arg>${text_errorMessage}</arg>
<doc>Returns the text value of the element identified by ``locator``.</doc>
<status status="PASS" starttime="20221019 20:11:48.576" endtime="20221019 20:11:48.590"/>
</kw>
<kw name="Element Should Contain" library="SeleniumLibrary">
<arg>${text_errorMessage}</arg>
<arg>Er heeft zich een probleem voorgedaan.</arg>
<doc>Verifies that element ``locator`` contains text ``expected``.</doc>
<msg timestamp="20221019 20:11:48.595" level="INFO">Element '//*[contains(text(),'Er heeft zich een probleem voorgedaan.')]' contains text 'Er heeft zich een probleem voorgedaan.'.</msg>
<status status="PASS" starttime="20221019 20:11:48.590" endtime="20221019 20:11:48.595"/>
</kw>
<status status="PASS" starttime="20221019 20:11:48.575" endtime="20221019 20:11:48.596"/>
</kw>
<status status="PASS" starttime="20221019 20:11:47.921" endtime="20221019 20:11:48.596"/>
</kw>
<kw name="close session" library="setup" type="TEARDOWN">
<kw name="Close All Browsers" library="SeleniumLibrary">
<doc>Closes all open browsers and resets the browser cache.</doc>
<status status="PASS" starttime="20221019 20:11:48.596" endtime="20221019 20:11:48.684"/>
</kw>
<status status="PASS" starttime="20221019 20:11:48.596" endtime="20221019 20:11:48.684"/>
</kw>
<doc>Unsuccessfull login with invalid email and password</doc>
<tag>Smoke test for invalid</tag>
<status status="PASS" starttime="20221019 20:11:45.317" endtime="20221019 20:11:48.684"/>
</test>
<doc>This suit includes valid and invalid login cases</doc>
<status status="PASS" starttime="20221019 20:11:39.392" endtime="20221019 20:11:48.684"/>
</suite>
<statistics>
<total>
<stat pass="2" fail="0" skip="0">All Tests</stat>
</total>
<tag>
<stat pass="1" fail="0" skip="0">Smoke test for invalid</stat>
<stat pass="1" fail="0" skip="0">Smoke test for login test</stat>
</tag>
<suite>
<stat pass="2" fail="0" skip="0" id="s1" name="loginCases">loginCases</stat>
</suite>
</statistics>
<errors>
</errors>
</robot>
