<?xml version="1.0" encoding="UTF-8"?>
<robot generator="Robot 5.0.1 (Python 3.8.9 on darwin)" generated="20221008 12:37:57.926" rpa="false" schemaversion="3">
<suite id="s1" name="Tests" source="/Users/aliisatas/PycharmProjects/ECommerceRobotFramework/tests">
<suite id="s1-s1" name="addProductToCart" source="/Users/aliisatas/PycharmProjects/ECommerceRobotFramework/tests/addProductToCart.robot">
<test id="s1-s1-t1" name="Add product to Cart" line="11">
<kw name="setup chrome" library="setup" type="SETUP">
<kw name="Get Chrome Driver" library="driver">
<var>${chrome_driver}</var>
<msg timestamp="20221008 12:37:58.082" level="INFO">====== WebDriver manager ======</msg>
<msg timestamp="20221008 12:37:58.124" level="INFO">Get LATEST chromedriver version for google-chrome 105.0.5195</msg>
<msg timestamp="20221008 12:37:58.267" level="INFO">Driver [/Users/aliisatas/.wdm/drivers/chromedriver/mac64_m1/105.0.5195/chromedriver] found in cache</msg>
<msg timestamp="20221008 12:37:58.267" level="INFO">${chrome_driver} = /Users/aliisatas/.wdm/drivers/chromedriver/mac64_m1/105.0.5195/chromedriver</msg>
<status status="PASS" starttime="20221008 12:37:58.081" endtime="20221008 12:37:58.267"/>
</kw>
<kw name="Create Webdriver" library="SeleniumLibrary">
<arg>${chrome_browser}</arg>
<arg>executable_path=${chrome_driver}</arg>
<doc>Creates an instance of Selenium WebDriver.</doc>
<msg timestamp="20221008 12:37:58.268" level="INFO">Creating an instance of the Chrome WebDriver.</msg>
<status status="PASS" starttime="20221008 12:37:58.267" endtime="20221008 12:37:59.529"/>
</kw>
<kw name="Go To" library="SeleniumLibrary">
<arg>${base_url}</arg>
<doc>Navigates the current browser window to the provided ``url``.</doc>
<msg timestamp="20221008 12:37:59.530" level="INFO">Opening url 'https://www.amazon.nl/'</msg>
<status status="PASS" starttime="20221008 12:37:59.530" endtime="20221008 12:38:01.060"/>
</kw>
<kw name="Maximize Browser Window" library="SeleniumLibrary">
<doc>Maximizes current browser window.</doc>
<status status="PASS" starttime="20221008 12:38:01.060" endtime="20221008 12:38:01.220"/>
</kw>
<status status="PASS" starttime="20221008 12:37:58.081" endtime="20221008 12:38:01.220"/>
</kw>
<kw name="Valid Login" library="loginSteps">
<kw name="Click Element" library="SeleniumLibrary">
<arg>${acceptcookie}</arg>
<doc>Click the element identified by ``locator``.</doc>
<msg timestamp="20221008 12:38:01.221" level="INFO">Clicking element 'sp-cc-accept'.</msg>
<status status="PASS" starttime="20221008 12:38:01.221" endtime="20221008 12:38:01.281"/>
</kw>
<kw name="Click Element" library="SeleniumLibrary">
<arg>${loginbutton}</arg>
<doc>Click the element identified by ``locator``.</doc>
<msg timestamp="20221008 12:38:01.281" level="INFO">Clicking element '//*[@class='nav-line-1-container']'.</msg>
<status status="PASS" starttime="20221008 12:38:01.281" endtime="20221008 12:38:01.674"/>
</kw>
<kw name="fill the email" library="loginKeyword">
<arg>${input_email}</arg>
<arg>dihagen296@edxplus.com</arg>
<kw name="Input Text" library="SeleniumLibrary">
<arg>${element}</arg>
<arg>${email}</arg>
<doc>Types the given ``text`` into the text field identified by ``locator``.</doc>
<msg timestamp="20221008 12:38:01.675" level="INFO">Typing text 'dihagen296@edxplus.com' into text field 'ap_email'.</msg>
<status status="PASS" starttime="20221008 12:38:01.675" endtime="20221008 12:38:01.737"/>
</kw>
<status status="PASS" starttime="20221008 12:38:01.674" endtime="20221008 12:38:01.737"/>
</kw>
<kw name="Wait Until Element Is Visible" library="SeleniumLibrary">
<arg>${continue_button}</arg>
<doc>Waits until the element ``locator`` is visible.</doc>
<status status="PASS" starttime="20221008 12:38:01.737" endtime="20221008 12:38:01.748"/>
</kw>
<kw name="Click Element" library="SeleniumLibrary">
<arg>${continue_button}</arg>
<doc>Click the element identified by ``locator``.</doc>
<msg timestamp="20221008 12:38:01.749" level="INFO">Clicking element '//*[@class='a-button a-button-span12 a-button-primary']'.</msg>
<status status="PASS" starttime="20221008 12:38:01.749" endtime="20221008 12:38:02.040"/>
</kw>
<kw name="fill the password" library="loginKeyword">
<arg>${input_password}</arg>
<arg>123123Tek</arg>
<kw name="Input Password" library="SeleniumLibrary">
<arg>${element}</arg>
<arg>${password}</arg>
<doc>Types the given password into the text field identified by ``locator``.</doc>
<msg timestamp="20221008 12:38:02.041" level="INFO">Typing password into text field '//*[@id='ap_password']'.</msg>
<msg timestamp="20221008 12:38:02.062" level="INFO">Temporally setting log level to: NONE</msg>
<msg timestamp="20221008 12:38:02.075" level="INFO">Log level changed from NONE to INFO.</msg>
<status status="PASS" starttime="20221008 12:38:02.041" endtime="20221008 12:38:02.075"/>
</kw>
<status status="PASS" starttime="20221008 12:38:02.040" endtime="20221008 12:38:02.075"/>
</kw>
<kw name="Click Element" library="SeleniumLibrary">
<arg>${submit_button}</arg>
<doc>Click the element identified by ``locator``.</doc>
<msg timestamp="20221008 12:38:02.075" level="INFO">Clicking element 'signInSubmit'.</msg>
<status status="PASS" starttime="20221008 12:38:02.075" endtime="20221008 12:38:02.105"/>
</kw>
<kw name="Wait Until Element Is Visible" library="SeleniumLibrary">
<arg>${account_name}</arg>
<doc>Waits until the element ``locator`` is visible.</doc>
<status status="PASS" starttime="20221008 12:38:02.106" endtime="20221008 12:38:03.421"/>
</kw>
<kw name="Element Text Should Be" library="SeleniumLibrary">
<arg>${account_name}</arg>
<arg>Hallo, test</arg>
<doc>Verifies that element ``locator`` contains exact the text ``expected``.</doc>
<msg timestamp="20221008 12:38:03.421" level="INFO">Verifying element '//*[@id='nav-link-accountList-nav-line-1']' contains exact text 'Hallo, test'.</msg>
<status status="PASS" starttime="20221008 12:38:03.421" endtime="20221008 12:38:03.432"/>
</kw>
<status status="PASS" starttime="20221008 12:38:01.221" endtime="20221008 12:38:03.432"/>
</kw>
<kw name="Search for product" library="addProductToCardSteps">
<kw name="Click Element" library="SeleniumLibrary">
<arg>${search_bar_button}</arg>
<doc>Click the element identified by ``locator``.</doc>
<msg timestamp="20221008 12:38:03.433" level="INFO">Clicking element 'twotabsearchtextbox'.</msg>
<status status="PASS" starttime="20221008 12:38:03.432" endtime="20221008 12:38:03.481"/>
</kw>
<kw name="write product name to search bar" library="addProductToCartKeyword">
<arg>${search_bar_button}</arg>
<arg>mustang 1967 Ford Mustang Shelby GT 500</arg>
<kw name="Input Text" library="SeleniumLibrary">
<arg>${element}</arg>
<arg>${search_bar_button}</arg>
<doc>Types the given ``text`` into the text field identified by ``locator``.</doc>
<msg timestamp="20221008 12:38:03.481" level="INFO">Typing text 'mustang 1967 Ford Mustang Shelby GT 500' into text field 'twotabsearchtextbox'.</msg>
<status status="PASS" starttime="20221008 12:38:03.481" endtime="20221008 12:38:03.558"/>
</kw>
<status status="PASS" starttime="20221008 12:38:03.481" endtime="20221008 12:38:03.558"/>
</kw>
<kw name="Click Element" library="SeleniumLibrary">
<arg>${search_icaon_button}</arg>
<doc>Click the element identified by ``locator``.</doc>
<msg timestamp="20221008 12:38:03.559" level="INFO">Clicking element 'nav-search-submit-button'.</msg>
<status status="PASS" starttime="20221008 12:38:03.558" endtime="20221008 12:38:05.120"/>
</kw>
<status status="PASS" starttime="20221008 12:38:03.432" endtime="20221008 12:38:05.120"/>
</kw>
<kw name="Control result page includes searched result name" library="addProductToCardSteps">
<kw name="Wait Until Element Is Visible" library="SeleniumLibrary">
<arg>${searched_item_text}</arg>
<doc>Waits until the element ``locator`` is visible.</doc>
<status status="PASS" starttime="20221008 12:38:05.120" endtime="20221008 12:38:05.143"/>
</kw>
<kw name="Wait Until Page Contains" library="SeleniumLibrary">
<arg>mustang 1967 Ford Mustang Shelby GT 500</arg>
<doc>Waits until ``text`` appears on the current page.</doc>
<status status="PASS" starttime="20221008 12:38:05.143" endtime="20221008 12:38:05.152"/>
</kw>
<status status="PASS" starttime="20221008 12:38:05.120" endtime="20221008 12:38:05.152"/>
</kw>
<kw name="Click first product on the page" library="addProductToCardSteps">
<kw name="Click Element" library="SeleniumLibrary">
<arg>${first_product_on_the_page}</arg>
<doc>Click the element identified by ``locator``.</doc>
<msg timestamp="20221008 12:38:05.153" level="INFO">Clicking element '(//*[@class='a-size-base a-color-base a-text-normal'])[1]'.</msg>
<status status="PASS" starttime="20221008 12:38:05.153" endtime="20221008 12:38:06.875"/>
</kw>
<status status="PASS" starttime="20221008 12:38:05.152" endtime="20221008 12:38:06.875"/>
</kw>
<kw name="close session" library="setup" type="TEARDOWN">
<kw name="Close All Browsers" library="SeleniumLibrary">
<doc>Closes all open browsers and resets the browser cache.</doc>
<status status="PASS" starttime="20221008 12:38:06.876" endtime="20221008 12:38:06.993"/>
</kw>
<status status="PASS" starttime="20221008 12:38:06.875" endtime="20221008 12:38:06.993"/>
</kw>
<doc>Adding a product to cart</doc>
<tag>Smoke</tag>
<status status="PASS" starttime="20221008 12:37:58.081" endtime="20221008 12:38:06.993"/>
</test>
<doc>This suit for adding a product to cart</doc>
<status status="PASS" starttime="20221008 12:37:57.936" endtime="20221008 12:38:06.994"/>
</suite>
<suite id="s1-s2" name="Login" source="/Users/aliisatas/PycharmProjects/ECommerceRobotFramework/tests/login.robot">
<test id="s1-s2-t1" name="Succesfull login" line="9">
<kw name="setup chrome" library="setup" type="SETUP">
<kw name="Get Chrome Driver" library="driver">
<var>${chrome_driver}</var>
<msg timestamp="20221008 12:38:06.997" level="INFO">====== WebDriver manager ======</msg>
<msg timestamp="20221008 12:38:07.035" level="INFO">Get LATEST chromedriver version for google-chrome 105.0.5195</msg>
<msg timestamp="20221008 12:38:07.147" level="INFO">Driver [/Users/aliisatas/.wdm/drivers/chromedriver/mac64_m1/105.0.5195/chromedriver] found in cache</msg>
<msg timestamp="20221008 12:38:07.148" level="INFO">${chrome_driver} = /Users/aliisatas/.wdm/drivers/chromedriver/mac64_m1/105.0.5195/chromedriver</msg>
<status status="PASS" starttime="20221008 12:38:06.997" endtime="20221008 12:38:07.148"/>
</kw>
<kw name="Create Webdriver" library="SeleniumLibrary">
<arg>${chrome_browser}</arg>
<arg>executable_path=${chrome_driver}</arg>
<doc>Creates an instance of Selenium WebDriver.</doc>
<msg timestamp="20221008 12:38:07.148" level="INFO">Creating an instance of the Chrome WebDriver.</msg>
<status status="PASS" starttime="20221008 12:38:07.148" endtime="20221008 12:38:08.403"/>
</kw>
<kw name="Go To" library="SeleniumLibrary">
<arg>${base_url}</arg>
<doc>Navigates the current browser window to the provided ``url``.</doc>
<msg timestamp="20221008 12:38:08.403" level="INFO">Opening url 'https://www.amazon.nl/'</msg>
<status status="PASS" starttime="20221008 12:38:08.403" endtime="20221008 12:38:09.695"/>
</kw>
<kw name="Maximize Browser Window" library="SeleniumLibrary">
<doc>Maximizes current browser window.</doc>
<status status="PASS" starttime="20221008 12:38:09.696" endtime="20221008 12:38:09.854"/>
</kw>
<status status="PASS" starttime="20221008 12:38:06.997" endtime="20221008 12:38:09.854"/>
</kw>
<kw name="Valid Login" library="loginSteps">
<kw name="Click Element" library="SeleniumLibrary">
<arg>${acceptcookie}</arg>
<doc>Click the element identified by ``locator``.</doc>
<msg timestamp="20221008 12:38:09.859" level="INFO">Clicking element 'sp-cc-accept'.</msg>
<status status="PASS" starttime="20221008 12:38:09.857" endtime="20221008 12:38:09.923"/>
</kw>
<kw name="Click Element" library="SeleniumLibrary">
<arg>${loginbutton}</arg>
<doc>Click the element identified by ``locator``.</doc>
<msg timestamp="20221008 12:38:09.923" level="INFO">Clicking element '//*[@class='nav-line-1-container']'.</msg>
<status status="PASS" starttime="20221008 12:38:09.923" endtime="20221008 12:38:10.289"/>
</kw>
<kw name="fill the email" library="loginKeyword">
<arg>${input_email}</arg>
<arg>dihagen296@edxplus.com</arg>
<kw name="Input Text" library="SeleniumLibrary">
<arg>${element}</arg>
<arg>${email}</arg>
<doc>Types the given ``text`` into the text field identified by ``locator``.</doc>
<msg timestamp="20221008 12:38:10.290" level="INFO">Typing text 'dihagen296@edxplus.com' into text field 'ap_email'.</msg>
<status status="PASS" starttime="20221008 12:38:10.290" endtime="20221008 12:38:10.353"/>
</kw>
<status status="PASS" starttime="20221008 12:38:10.289" endtime="20221008 12:38:10.353"/>
</kw>
<kw name="Wait Until Element Is Visible" library="SeleniumLibrary">
<arg>${continue_button}</arg>
<doc>Waits until the element ``locator`` is visible.</doc>
<status status="PASS" starttime="20221008 12:38:10.353" endtime="20221008 12:38:10.363"/>
</kw>
<kw name="Click Element" library="SeleniumLibrary">
<arg>${continue_button}</arg>
<doc>Click the element identified by ``locator``.</doc>
<msg timestamp="20221008 12:38:10.363" level="INFO">Clicking element '//*[@class='a-button a-button-span12 a-button-primary']'.</msg>
<status status="PASS" starttime="20221008 12:38:10.363" endtime="20221008 12:38:10.741"/>
</kw>
<kw name="fill the password" library="loginKeyword">
<arg>${input_password}</arg>
<arg>123123Tek</arg>
<kw name="Input Password" library="SeleniumLibrary">
<arg>${element}</arg>
<arg>${password}</arg>
<doc>Types the given password into the text field identified by ``locator``.</doc>
<msg timestamp="20221008 12:38:10.742" level="INFO">Typing password into text field '//*[@id='ap_password']'.</msg>
<msg timestamp="20221008 12:38:10.767" level="INFO">Temporally setting log level to: NONE</msg>
<msg timestamp="20221008 12:38:10.780" level="INFO">Log level changed from NONE to INFO.</msg>
<status status="PASS" starttime="20221008 12:38:10.741" endtime="20221008 12:38:10.780"/>
</kw>
<status status="PASS" starttime="20221008 12:38:10.741" endtime="20221008 12:38:10.780"/>
</kw>
<kw name="Click Element" library="SeleniumLibrary">
<arg>${submit_button}</arg>
<doc>Click the element identified by ``locator``.</doc>
<msg timestamp="20221008 12:38:10.781" level="INFO">Clicking element 'signInSubmit'.</msg>
<status status="PASS" starttime="20221008 12:38:10.781" endtime="20221008 12:38:10.810"/>
</kw>
<kw name="Wait Until Element Is Visible" library="SeleniumLibrary">
<arg>${account_name}</arg>
<doc>Waits until the element ``locator`` is visible.</doc>
<status status="PASS" starttime="20221008 12:38:10.810" endtime="20221008 12:38:11.979"/>
</kw>
<kw name="Element Text Should Be" library="SeleniumLibrary">
<arg>${account_name}</arg>
<arg>Hallo, test</arg>
<doc>Verifies that element ``locator`` contains exact the text ``expected``.</doc>
<msg timestamp="20221008 12:38:11.980" level="INFO">Verifying element '//*[@id='nav-link-accountList-nav-line-1']' contains exact text 'Hallo, test'.</msg>
<status status="PASS" starttime="20221008 12:38:11.979" endtime="20221008 12:38:11.989"/>
</kw>
<status status="PASS" starttime="20221008 12:38:09.854" endtime="20221008 12:38:11.989"/>
</kw>
<kw name="close session" library="setup" type="TEARDOWN">
<kw name="Close All Browsers" library="SeleniumLibrary">
<doc>Closes all open browsers and resets the browser cache.</doc>
<status status="PASS" starttime="20221008 12:38:11.989" endtime="20221008 12:38:12.083"/>
</kw>
<status status="PASS" starttime="20221008 12:38:11.989" endtime="20221008 12:38:12.083"/>
</kw>
<doc>Successfull login with valid email and password</doc>
<tag>Smoke</tag>
<status status="PASS" starttime="20221008 12:38:06.997" endtime="20221008 12:38:12.083"/>
</test>
<test id="s1-s2-t2" name="Uncecesfull login" line="14">
<kw name="setup chrome" library="setup" type="SETUP">
<kw name="Get Chrome Driver" library="driver">
<var>${chrome_driver}</var>
<msg timestamp="20221008 12:38:12.084" level="INFO">====== WebDriver manager ======</msg>
<msg timestamp="20221008 12:38:12.124" level="INFO">Get LATEST chromedriver version for google-chrome 105.0.5195</msg>
<msg timestamp="20221008 12:38:12.219" level="INFO">Driver [/Users/aliisatas/.wdm/drivers/chromedriver/mac64_m1/105.0.5195/chromedriver] found in cache</msg>
<msg timestamp="20221008 12:38:12.219" level="INFO">${chrome_driver} = /Users/aliisatas/.wdm/drivers/chromedriver/mac64_m1/105.0.5195/chromedriver</msg>
<status status="PASS" starttime="20221008 12:38:12.084" endtime="20221008 12:38:12.220"/>
</kw>
<kw name="Create Webdriver" library="SeleniumLibrary">
<arg>${chrome_browser}</arg>
<arg>executable_path=${chrome_driver}</arg>
<doc>Creates an instance of Selenium WebDriver.</doc>
<msg timestamp="20221008 12:38:12.221" level="INFO">Creating an instance of the Chrome WebDriver.</msg>
<status status="PASS" starttime="20221008 12:38:12.220" endtime="20221008 12:38:13.419"/>
</kw>
<kw name="Go To" library="SeleniumLibrary">
<arg>${base_url}</arg>
<doc>Navigates the current browser window to the provided ``url``.</doc>
<msg timestamp="20221008 12:38:13.420" level="INFO">Opening url 'https://www.amazon.nl/'</msg>
<status status="PASS" starttime="20221008 12:38:13.420" endtime="20221008 12:38:14.705"/>
</kw>
<kw name="Maximize Browser Window" library="SeleniumLibrary">
<doc>Maximizes current browser window.</doc>
<status status="PASS" starttime="20221008 12:38:14.705" endtime="20221008 12:38:14.870"/>
</kw>
<status status="PASS" starttime="20221008 12:38:12.084" endtime="20221008 12:38:14.870"/>
</kw>
<kw name="Invalid login with mail" library="loginSteps">
<kw name="Click Element" library="SeleniumLibrary">
<arg>${acceptcookie}</arg>
<doc>Click the element identified by ``locator``.</doc>
<msg timestamp="20221008 12:38:14.877" level="INFO">Clicking element 'sp-cc-accept'.</msg>
<status status="PASS" starttime="20221008 12:38:14.874" endtime="20221008 12:38:14.936"/>
</kw>
<kw name="Wait Until Element Is Visible" library="SeleniumLibrary">
<arg>${loginbutton}</arg>
<doc>Waits until the element ``locator`` is visible.</doc>
<status status="PASS" starttime="20221008 12:38:14.936" endtime="20221008 12:38:14.957"/>
</kw>
<kw name="Click Element" library="SeleniumLibrary">
<arg>${loginbutton}</arg>
<doc>Click the element identified by ``locator``.</doc>
<msg timestamp="20221008 12:38:14.957" level="INFO">Clicking element '//*[@class='nav-line-1-container']'.</msg>
<status status="PASS" starttime="20221008 12:38:14.957" endtime="20221008 12:38:15.526"/>
</kw>
<kw name="fill the email" library="loginKeyword">
<arg>${input_email}</arg>
<arg>diiihagen296@edxplus.com</arg>
<kw name="Input Text" library="SeleniumLibrary">
<arg>${element}</arg>
<arg>${email}</arg>
<doc>Types the given ``text`` into the text field identified by ``locator``.</doc>
<msg timestamp="20221008 12:38:15.527" level="INFO">Typing text 'diiihagen296@edxplus.com' into text field 'ap_email'.</msg>
<status status="PASS" starttime="20221008 12:38:15.526" endtime="20221008 12:38:15.589"/>
</kw>
<status status="PASS" starttime="20221008 12:38:15.526" endtime="20221008 12:38:15.589"/>
</kw>
<kw name="Wait Until Element Is Visible" library="SeleniumLibrary">
<arg>${continue_button}</arg>
<doc>Waits until the element ``locator`` is visible.</doc>
<status status="PASS" starttime="20221008 12:38:15.589" endtime="20221008 12:38:15.599"/>
</kw>
<kw name="Click Element" library="SeleniumLibrary">
<arg>${continue_button}</arg>
<doc>Click the element identified by ``locator``.</doc>
<msg timestamp="20221008 12:38:15.599" level="INFO">Clicking element '//*[@class='a-button a-button-span12 a-button-primary']'.</msg>
<status status="PASS" starttime="20221008 12:38:15.599" endtime="20221008 12:38:15.807"/>
</kw>
<kw name="error message get text" library="loginKeyword">
<kw name="Get Text" library="SeleniumLibrary">
<arg>${text_errorMessage}</arg>
<doc>Returns the text value of the element identified by ``locator``.</doc>
<status status="PASS" starttime="20221008 12:38:15.807" endtime="20221008 12:38:15.821"/>
</kw>
<kw name="Element Should Contain" library="SeleniumLibrary">
<arg>${text_errorMessage}</arg>
<arg>Er heeft zich een probleem voorgedaan.</arg>
<doc>Verifies that element ``locator`` contains text ``expected``.</doc>
<msg timestamp="20221008 12:38:15.826" level="INFO">Element '//*[contains(text(),'Er heeft zich een probleem voorgedaan.')]' contains text 'Er heeft zich een probleem voorgedaan.'.</msg>
<status status="PASS" starttime="20221008 12:38:15.821" endtime="20221008 12:38:15.826"/>
</kw>
<status status="PASS" starttime="20221008 12:38:15.807" endtime="20221008 12:38:15.826"/>
</kw>
<status status="PASS" starttime="20221008 12:38:14.873" endtime="20221008 12:38:15.826"/>
</kw>
<kw name="close session" library="setup" type="TEARDOWN">
<kw name="Close All Browsers" library="SeleniumLibrary">
<doc>Closes all open browsers and resets the browser cache.</doc>
<status status="PASS" starttime="20221008 12:38:15.826" endtime="20221008 12:38:15.915"/>
</kw>
<status status="PASS" starttime="20221008 12:38:15.826" endtime="20221008 12:38:15.915"/>
</kw>
<doc>Insuccessfull login with invalid email and password</doc>
<tag>Smoke</tag>
<status status="PASS" starttime="20221008 12:38:12.084" endtime="20221008 12:38:15.915"/>
</test>
<doc>This suit includes valid and invalid login cases</doc>
<status status="PASS" starttime="20221008 12:38:06.994" endtime="20221008 12:38:15.915"/>
</suite>
<status status="PASS" starttime="20221008 12:37:57.927" endtime="20221008 12:38:15.916"/>
</suite>
<statistics>
<total>
<stat pass="3" fail="0" skip="0">All Tests</stat>
</total>
<tag>
<stat pass="3" fail="0" skip="0">Smoke</stat>
</tag>
<suite>
<stat pass="3" fail="0" skip="0" id="s1" name="Tests">Tests</stat>
<stat pass="1" fail="0" skip="0" id="s1-s1" name="addProductToCart">Tests.addProductToCart</stat>
<stat pass="2" fail="0" skip="0" id="s1-s2" name="Login">Tests.Login</stat>
</suite>
</statistics>
<errors>
</errors>
</robot>
