<?xml version="1.0" encoding="UTF-8"?>
<robot generator="Robot 5.0.1 (Python 3.8.9 on darwin)" generated="20221019 22:38:42.446" rpa="false" schemaversion="3">
<suite id="s1" name="Tests" source="/Users/aliisatas/PycharmProjects/ECommerceRobotFramework/tests">
<suite id="s1-s1" name="loginCases" source="/Users/aliisatas/PycharmProjects/ECommerceRobotFramework/tests/loginCases.robot">
<test id="s1-s1-t1" name="Succesfull login" line="9">
<kw name="setup chrome" library="setup" type="SETUP">
<kw name="Get Chrome Driver" library="driver">
<var>${chrome_driver}</var>
<msg timestamp="20221019 22:38:42.652" level="INFO">====== WebDriver manager ======</msg>
<msg timestamp="20221019 22:38:42.692" level="INFO">Get LATEST chromedriver version for google-chrome 106.0.5249</msg>
<msg timestamp="20221019 22:38:42.830" level="INFO">Driver [/Users/aliisatas/.wdm/drivers/chromedriver/mac_arm64/106.0.5249/chromedriver] found in cache</msg>
<msg timestamp="20221019 22:38:42.831" level="INFO">${chrome_driver} = /Users/aliisatas/.wdm/drivers/chromedriver/mac_arm64/106.0.5249/chromedriver</msg>
<status status="PASS" starttime="20221019 22:38:42.652" endtime="20221019 22:38:42.831"/>
</kw>
<kw name="Create Webdriver" library="SeleniumLibrary">
<arg>${chrome_browser}</arg>
<arg>executable_path=${chrome_driver}</arg>
<doc>Creates an instance of Selenium WebDriver.</doc>
<msg timestamp="20221019 22:38:42.831" level="INFO">Creating an instance of the Chrome WebDriver.</msg>
<status status="PASS" starttime="20221019 22:38:42.831" endtime="20221019 22:38:44.193"/>
</kw>
<kw name="Go To" library="SeleniumLibrary">
<arg>${base_url}</arg>
<doc>Navigates the current browser window to the provided ``url``.</doc>
<msg timestamp="20221019 22:38:44.194" level="INFO">Opening url 'https://www.amazon.nl/'</msg>
<status status="PASS" starttime="20221019 22:38:44.194" endtime="20221019 22:38:45.585"/>
</kw>
<kw name="Maximize Browser Window" library="SeleniumLibrary">
<doc>Maximizes current browser window.</doc>
<status status="PASS" starttime="20221019 22:38:45.585" endtime="20221019 22:38:45.750"/>
</kw>
<status status="PASS" starttime="20221019 22:38:42.652" endtime="20221019 22:38:45.750"/>
</kw>
<kw name="Valid Login" library="loginSteps">
<kw name="Click Element" library="SeleniumLibrary">
<arg>${acceptcookie}</arg>
<doc>Click the element identified by ``locator``.</doc>
<msg timestamp="20221019 22:38:45.751" level="INFO">Clicking element 'sp-cc-accept'.</msg>
<status status="PASS" starttime="20221019 22:38:45.750" endtime="20221019 22:38:45.812"/>
</kw>
<kw name="Click Element" library="SeleniumLibrary">
<arg>${loginbutton}</arg>
<doc>Click the element identified by ``locator``.</doc>
<msg timestamp="20221019 22:38:45.813" level="INFO">Clicking element '//*[@class='nav-line-1-container']'.</msg>
<status status="PASS" starttime="20221019 22:38:45.813" endtime="20221019 22:38:46.232"/>
</kw>
<kw name="fill the email" library="loginKeyword">
<arg>${input_email}</arg>
<arg>dihagen296@edxplus.com</arg>
<kw name="Input Text" library="SeleniumLibrary">
<arg>${element}</arg>
<arg>${email}</arg>
<doc>Types the given ``text`` into the text field identified by ``locator``.</doc>
<msg timestamp="20221019 22:38:46.233" level="INFO">Typing text 'dihagen296@edxplus.com' into text field 'ap_email'.</msg>
<status status="PASS" starttime="20221019 22:38:46.232" endtime="20221019 22:38:46.293"/>
</kw>
<status status="PASS" starttime="20221019 22:38:46.232" endtime="20221019 22:38:46.293"/>
</kw>
<kw name="Wait Until Element Is Visible" library="SeleniumLibrary">
<arg>${continue_button}</arg>
<doc>Waits until the element ``locator`` is visible.</doc>
<status status="PASS" starttime="20221019 22:38:46.293" endtime="20221019 22:38:46.304"/>
</kw>
<kw name="Click Element" library="SeleniumLibrary">
<arg>${continue_button}</arg>
<doc>Click the element identified by ``locator``.</doc>
<msg timestamp="20221019 22:38:46.304" level="INFO">Clicking element '//*[@class='a-button a-button-span12 a-button-primary']'.</msg>
<status status="PASS" starttime="20221019 22:38:46.304" endtime="20221019 22:38:46.622"/>
</kw>
<kw name="fill the password" library="loginKeyword">
<arg>${input_password}</arg>
<arg>123123Tek</arg>
<kw name="Input Password" library="SeleniumLibrary">
<arg>${element}</arg>
<arg>${password}</arg>
<doc>Types the given password into the text field identified by ``locator``.</doc>
<msg timestamp="20221019 22:38:46.622" level="INFO">Typing password into text field '//*[@id='ap_password']'.</msg>
<msg timestamp="20221019 22:38:46.642" level="INFO">Temporally setting log level to: NONE</msg>
<msg timestamp="20221019 22:38:46.655" level="INFO">Log level changed from NONE to INFO.</msg>
<status status="PASS" starttime="20221019 22:38:46.622" endtime="20221019 22:38:46.656"/>
</kw>
<status status="PASS" starttime="20221019 22:38:46.622" endtime="20221019 22:38:46.656"/>
</kw>
<kw name="Click Element" library="SeleniumLibrary">
<arg>${submit_button}</arg>
<doc>Click the element identified by ``locator``.</doc>
<msg timestamp="20221019 22:38:46.656" level="INFO">Clicking element 'signInSubmit'.</msg>
<status status="PASS" starttime="20221019 22:38:46.656" endtime="20221019 22:38:46.685"/>
</kw>
<kw name="Wait Until Element Is Visible" library="SeleniumLibrary">
<arg>${account_name}</arg>
<doc>Waits until the element ``locator`` is visible.</doc>
<status status="PASS" starttime="20221019 22:38:46.685" endtime="20221019 22:38:47.993"/>
</kw>
<kw name="Element Text Should Be" library="SeleniumLibrary">
<arg>${account_name}</arg>
<arg>Hallo, test</arg>
<doc>Verifies that element ``locator`` contains exact the text ``expected``.</doc>
<msg timestamp="20221019 22:38:47.993" level="INFO">Verifying element '//*[@id='nav-link-accountList-nav-line-1']' contains exact text 'Hallo, test'.</msg>
<status status="PASS" starttime="20221019 22:38:47.993" endtime="20221019 22:38:48.003"/>
</kw>
<status status="PASS" starttime="20221019 22:38:45.750" endtime="20221019 22:38:48.004"/>
</kw>
<kw name="close session" library="setup" type="TEARDOWN">
<kw name="Close All Browsers" library="SeleniumLibrary">
<doc>Closes all open browsers and resets the browser cache.</doc>
<status status="PASS" starttime="20221019 22:38:48.004" endtime="20221019 22:38:48.099"/>
</kw>
<status status="PASS" starttime="20221019 22:38:48.004" endtime="20221019 22:38:48.099"/>
</kw>
<doc>Successfull login with valid email and password</doc>
<tag>Smoke test for login test</tag>
<status status="PASS" starttime="20221019 22:38:42.651" endtime="20221019 22:38:48.099"/>
</test>
<test id="s1-s1-t2" name="Unsuccesfull login" line="14">
<kw name="setup chrome" library="setup" type="SETUP">
<kw name="Get Chrome Driver" library="driver">
<var>${chrome_driver}</var>
<msg timestamp="20221019 22:38:48.100" level="INFO">====== WebDriver manager ======</msg>
<msg timestamp="20221019 22:38:48.139" level="INFO">Get LATEST chromedriver version for google-chrome 106.0.5249</msg>
<msg timestamp="20221019 22:38:48.219" level="INFO">Driver [/Users/aliisatas/.wdm/drivers/chromedriver/mac_arm64/106.0.5249/chromedriver] found in cache</msg>
<msg timestamp="20221019 22:38:48.219" level="INFO">${chrome_driver} = /Users/aliisatas/.wdm/drivers/chromedriver/mac_arm64/106.0.5249/chromedriver</msg>
<status status="PASS" starttime="20221019 22:38:48.100" endtime="20221019 22:38:48.219"/>
</kw>
<kw name="Create Webdriver" library="SeleniumLibrary">
<arg>${chrome_browser}</arg>
<arg>executable_path=${chrome_driver}</arg>
<doc>Creates an instance of Selenium WebDriver.</doc>
<msg timestamp="20221019 22:38:48.220" level="INFO">Creating an instance of the Chrome WebDriver.</msg>
<status status="PASS" starttime="20221019 22:38:48.220" endtime="20221019 22:38:49.366"/>
</kw>
<kw name="Go To" library="SeleniumLibrary">
<arg>${base_url}</arg>
<doc>Navigates the current browser window to the provided ``url``.</doc>
<msg timestamp="20221019 22:38:49.367" level="INFO">Opening url 'https://www.amazon.nl/'</msg>
<status status="PASS" starttime="20221019 22:38:49.367" endtime="20221019 22:38:50.481"/>
</kw>
<kw name="Maximize Browser Window" library="SeleniumLibrary">
<doc>Maximizes current browser window.</doc>
<status status="PASS" starttime="20221019 22:38:50.481" endtime="20221019 22:38:50.622"/>
</kw>
<status status="PASS" starttime="20221019 22:38:48.100" endtime="20221019 22:38:50.622"/>
</kw>
<kw name="Invalid login with mail" library="loginSteps">
<kw name="Click Element" library="SeleniumLibrary">
<arg>${acceptcookie}</arg>
<doc>Click the element identified by ``locator``.</doc>
<msg timestamp="20221019 22:38:50.623" level="INFO">Clicking element 'sp-cc-accept'.</msg>
<status status="PASS" starttime="20221019 22:38:50.623" endtime="20221019 22:38:50.677"/>
</kw>
<kw name="Wait Until Element Is Visible" library="SeleniumLibrary">
<arg>${loginbutton}</arg>
<doc>Waits until the element ``locator`` is visible.</doc>
<status status="PASS" starttime="20221019 22:38:50.678" endtime="20221019 22:38:50.696"/>
</kw>
<kw name="Click Element" library="SeleniumLibrary">
<arg>${loginbutton}</arg>
<doc>Click the element identified by ``locator``.</doc>
<msg timestamp="20221019 22:38:50.696" level="INFO">Clicking element '//*[@class='nav-line-1-container']'.</msg>
<status status="PASS" starttime="20221019 22:38:50.696" endtime="20221019 22:38:51.159"/>
</kw>
<kw name="fill the email" library="loginKeyword">
<arg>${input_email}</arg>
<arg>diiihagen296@edxplus.com</arg>
<kw name="Input Text" library="SeleniumLibrary">
<arg>${element}</arg>
<arg>${email}</arg>
<doc>Types the given ``text`` into the text field identified by ``locator``.</doc>
<msg timestamp="20221019 22:38:51.160" level="INFO">Typing text 'diiihagen296@edxplus.com' into text field 'ap_email'.</msg>
<status status="PASS" starttime="20221019 22:38:51.159" endtime="20221019 22:38:51.227"/>
</kw>
<status status="PASS" starttime="20221019 22:38:51.159" endtime="20221019 22:38:51.227"/>
</kw>
<kw name="Wait Until Element Is Visible" library="SeleniumLibrary">
<arg>${continue_button}</arg>
<doc>Waits until the element ``locator`` is visible.</doc>
<status status="PASS" starttime="20221019 22:38:51.227" endtime="20221019 22:38:51.238"/>
</kw>
<kw name="Click Element" library="SeleniumLibrary">
<arg>${continue_button}</arg>
<doc>Click the element identified by ``locator``.</doc>
<msg timestamp="20221019 22:38:51.238" level="INFO">Clicking element '//*[@class='a-button a-button-span12 a-button-primary']'.</msg>
<status status="PASS" starttime="20221019 22:38:51.238" endtime="20221019 22:38:51.435"/>
</kw>
<kw name="error message get text" library="loginKeyword">
<kw name="Get Text" library="SeleniumLibrary">
<arg>${text_errorMessage}</arg>
<doc>Returns the text value of the element identified by ``locator``.</doc>
<status status="PASS" starttime="20221019 22:38:51.435" endtime="20221019 22:38:51.450"/>
</kw>
<kw name="Element Should Contain" library="SeleniumLibrary">
<arg>${text_errorMessage}</arg>
<arg>Er heeft zich een probleem voorgedaan.</arg>
<doc>Verifies that element ``locator`` contains text ``expected``.</doc>
<msg timestamp="20221019 22:38:51.456" level="INFO">Element '//*[contains(text(),'Er heeft zich een probleem voorgedaan.')]' contains text 'Er heeft zich een probleem voorgedaan.'.</msg>
<status status="PASS" starttime="20221019 22:38:51.450" endtime="20221019 22:38:51.456"/>
</kw>
<status status="PASS" starttime="20221019 22:38:51.435" endtime="20221019 22:38:51.456"/>
</kw>
<status status="PASS" starttime="20221019 22:38:50.623" endtime="20221019 22:38:51.456"/>
</kw>
<kw name="close session" library="setup" type="TEARDOWN">
<kw name="Close All Browsers" library="SeleniumLibrary">
<doc>Closes all open browsers and resets the browser cache.</doc>
<status status="PASS" starttime="20221019 22:38:51.456" endtime="20221019 22:38:51.541"/>
</kw>
<status status="PASS" starttime="20221019 22:38:51.456" endtime="20221019 22:38:51.542"/>
</kw>
<doc>Unsuccessfull login with invalid email and password</doc>
<tag>Smoke test for invalid</tag>
<status status="PASS" starttime="20221019 22:38:48.100" endtime="20221019 22:38:51.542"/>
</test>
<doc>This suit includes valid and invalid login cases</doc>
<status status="PASS" starttime="20221019 22:38:42.460" endtime="20221019 22:38:51.542"/>
</suite>
<status status="PASS" starttime="20221019 22:38:42.447" endtime="20221019 22:38:51.543"/>
</suite>
<statistics>
<total>
<stat pass="2" fail="0" skip="0">All Tests</stat>
</total>
<tag>
<stat pass="1" fail="0" skip="0">Smoke test for invalid</stat>
<stat pass="1" fail="0" skip="0">Smoke test for login test</stat>
</tag>
<suite>
<stat pass="2" fail="0" skip="0" id="s1" name="Tests">Tests</stat>
<stat pass="2" fail="0" skip="0" id="s1-s1" name="loginCases">Tests.loginCases</stat>
</suite>
</statistics>
<errors>
</errors>
</robot>
