<?xml version="1.0" encoding="UTF-8"?>
<robot generator="Robot 5.0.1 (Python 3.8.9 on darwin)" generated="20220929 17:23:06.133" rpa="false" schemaversion="3">
<suite id="s1" name="addProductToCart" source="/Users/aliisatas/PycharmProjects/ECommerceRobotFramework/tests/addProductToCart.robot">
<test id="s1-t1" name="Add product to Cart" line="11">
<kw name="setup chrome" library="setup" type="SETUP">
<kw name="Get Chrome Driver" library="driver">
<var>${chrome_driver}</var>
<msg timestamp="20220929 17:23:06.247" level="INFO">====== WebDriver manager ======</msg>
<msg timestamp="20220929 17:23:06.284" level="INFO">Get LATEST chromedriver version for google-chrome 105.0.5195</msg>
<msg timestamp="20220929 17:23:06.388" level="INFO">Driver [/Users/aliisatas/.wdm/drivers/chromedriver/mac64_m1/105.0.5195/chromedriver] found in cache</msg>
<msg timestamp="20220929 17:23:06.388" level="INFO">${chrome_driver} = /Users/aliisatas/.wdm/drivers/chromedriver/mac64_m1/105.0.5195/chromedriver</msg>
<status status="PASS" starttime="20220929 17:23:06.247" endtime="20220929 17:23:06.388"/>
</kw>
<kw name="Create Webdriver" library="SeleniumLibrary">
<arg>${chrome_browser}</arg>
<arg>executable_path=${chrome_driver}</arg>
<doc>Creates an instance of Selenium WebDriver.</doc>
<msg timestamp="20220929 17:23:06.389" level="INFO">Creating an instance of the Chrome WebDriver.</msg>
<status status="PASS" starttime="20220929 17:23:06.388" endtime="20220929 17:23:07.579"/>
</kw>
<kw name="Go To" library="SeleniumLibrary">
<arg>${base_url}</arg>
<doc>Navigates the current browser window to the provided ``url``.</doc>
<msg timestamp="20220929 17:23:07.580" level="INFO">Opening url 'https://www.amazon.nl/'</msg>
<status status="PASS" starttime="20220929 17:23:07.579" endtime="20220929 17:23:08.833"/>
</kw>
<kw name="Maximize Browser Window" library="SeleniumLibrary">
<doc>Maximizes current browser window.</doc>
<status status="PASS" starttime="20220929 17:23:08.833" endtime="20220929 17:23:08.990"/>
</kw>
<status status="PASS" starttime="20220929 17:23:06.247" endtime="20220929 17:23:08.990"/>
</kw>
<kw name="Valid Login" library="loginSteps">
<kw name="Click Element" library="SeleniumLibrary">
<arg>${acceptcookie}</arg>
<doc>Click the element identified by ``locator``.</doc>
<msg timestamp="20220929 17:23:08.991" level="INFO">Clicking element 'sp-cc-accept'.</msg>
<status status="PASS" starttime="20220929 17:23:08.991" endtime="20220929 17:23:09.053"/>
</kw>
<kw name="Click Element" library="SeleniumLibrary">
<arg>${loginbutton}</arg>
<doc>Click the element identified by ``locator``.</doc>
<msg timestamp="20220929 17:23:09.053" level="INFO">Clicking element '//*[@class='nav-line-1-container']'.</msg>
<status status="PASS" starttime="20220929 17:23:09.053" endtime="20220929 17:23:09.413"/>
</kw>
<kw name="fill the email" library="loginKeyword">
<arg>${input_email}</arg>
<arg>dihagen296@edxplus.com</arg>
<kw name="Input Text" library="SeleniumLibrary">
<arg>${element}</arg>
<arg>${email}</arg>
<doc>Types the given ``text`` into the text field identified by ``locator``.</doc>
<msg timestamp="20220929 17:23:09.413" level="INFO">Typing text 'dihagen296@edxplus.com' into text field 'ap_email'.</msg>
<status status="PASS" starttime="20220929 17:23:09.413" endtime="20220929 17:23:09.478"/>
</kw>
<status status="PASS" starttime="20220929 17:23:09.413" endtime="20220929 17:23:09.478"/>
</kw>
<kw name="Wait Until Element Is Visible" library="SeleniumLibrary">
<arg>${continue_button}</arg>
<doc>Waits until the element ``locator`` is visible.</doc>
<status status="PASS" starttime="20220929 17:23:09.478" endtime="20220929 17:23:09.489"/>
</kw>
<kw name="Click Element" library="SeleniumLibrary">
<arg>${continue_button}</arg>
<doc>Click the element identified by ``locator``.</doc>
<msg timestamp="20220929 17:23:09.489" level="INFO">Clicking element '//*[@class='a-button a-button-span12 a-button-primary']'.</msg>
<status status="PASS" starttime="20220929 17:23:09.489" endtime="20220929 17:23:09.752"/>
</kw>
<kw name="fill the password" library="loginKeyword">
<arg>${input_password}</arg>
<arg>123123Tek</arg>
<kw name="Input Password" library="SeleniumLibrary">
<arg>${element}</arg>
<arg>${password}</arg>
<doc>Types the given password into the text field identified by ``locator``.</doc>
<msg timestamp="20220929 17:23:09.752" level="INFO">Typing password into text field '//*[@id='ap_password']'.</msg>
<msg timestamp="20220929 17:23:09.773" level="INFO">Temporally setting log level to: NONE</msg>
<msg timestamp="20220929 17:23:09.787" level="INFO">Log level changed from NONE to INFO.</msg>
<status status="PASS" starttime="20220929 17:23:09.752" endtime="20220929 17:23:09.787"/>
</kw>
<status status="PASS" starttime="20220929 17:23:09.752" endtime="20220929 17:23:09.787"/>
</kw>
<kw name="Click Element" library="SeleniumLibrary">
<arg>${submit_button}</arg>
<doc>Click the element identified by ``locator``.</doc>
<msg timestamp="20220929 17:23:09.787" level="INFO">Clicking element 'signInSubmit'.</msg>
<status status="PASS" starttime="20220929 17:23:09.787" endtime="20220929 17:23:09.820"/>
</kw>
<kw name="Wait Until Element Is Visible" library="SeleniumLibrary">
<arg>${account_name}</arg>
<doc>Waits until the element ``locator`` is visible.</doc>
<status status="PASS" starttime="20220929 17:23:09.820" endtime="20220929 17:23:11.096"/>
</kw>
<kw name="Element Text Should Be" library="SeleniumLibrary">
<arg>${account_name}</arg>
<arg>Hallo, test</arg>
<doc>Verifies that element ``locator`` contains exact the text ``expected``.</doc>
<msg timestamp="20220929 17:23:11.096" level="INFO">Verifying element '//*[@id='nav-link-accountList-nav-line-1']' contains exact text 'Hallo, test'.</msg>
<status status="PASS" starttime="20220929 17:23:11.096" endtime="20220929 17:23:11.107"/>
</kw>
<status status="PASS" starttime="20220929 17:23:08.991" endtime="20220929 17:23:11.107"/>
</kw>
<kw name="Search for product" library="addProductToCardSteps">
<kw name="Click Element" library="SeleniumLibrary">
<arg>${search_bar_button}</arg>
<doc>Click the element identified by ``locator``.</doc>
<msg timestamp="20220929 17:23:11.108" level="INFO">Clicking element 'twotabsearchtextbox'.</msg>
<status status="PASS" starttime="20220929 17:23:11.108" endtime="20220929 17:23:11.158"/>
</kw>
<kw name="write product name to search bar" library="addProductToCartKeyword">
<arg>${search_bar_button}</arg>
<arg>mustang 1967 Ford Mustang Shelby GT 500</arg>
<kw name="Input Text" library="SeleniumLibrary">
<arg>${element}</arg>
<arg>${search_bar_button}</arg>
<doc>Types the given ``text`` into the text field identified by ``locator``.</doc>
<msg timestamp="20220929 17:23:11.159" level="INFO">Typing text 'mustang 1967 Ford Mustang Shelby GT 500' into text field 'twotabsearchtextbox'.</msg>
<status status="PASS" starttime="20220929 17:23:11.159" endtime="20220929 17:23:11.237"/>
</kw>
<status status="PASS" starttime="20220929 17:23:11.159" endtime="20220929 17:23:11.237"/>
</kw>
<kw name="Click Element" library="SeleniumLibrary">
<arg>${search_icaon_button}</arg>
<doc>Click the element identified by ``locator``.</doc>
<msg timestamp="20220929 17:23:11.238" level="INFO">Clicking element 'nav-search-submit-button'.</msg>
<status status="PASS" starttime="20220929 17:23:11.237" endtime="20220929 17:23:12.738"/>
</kw>
<status status="PASS" starttime="20220929 17:23:11.107" endtime="20220929 17:23:12.739"/>
</kw>
<kw name="Control result page includes searched result name" library="addProductToCardSteps">
<kw name="Wait Until Element Is Visible" library="SeleniumLibrary">
<arg>${searched_item_text}</arg>
<doc>Waits until the element ``locator`` is visible.</doc>
<status status="PASS" starttime="20220929 17:23:12.739" endtime="20220929 17:23:12.751"/>
</kw>
<kw name="Wait Until Page Contains" library="SeleniumLibrary">
<arg>mustang 1967 Ford Mustang Shelby GT 500</arg>
<doc>Waits until ``text`` appears on the current page.</doc>
<status status="PASS" starttime="20220929 17:23:12.751" endtime="20220929 17:23:12.758"/>
</kw>
<status status="PASS" starttime="20220929 17:23:12.739" endtime="20220929 17:23:12.758"/>
</kw>
<kw name="Click first product on the page" library="addProductToCardSteps">
<kw name="Click Element" library="SeleniumLibrary">
<arg>${first_product_on_the_page}</arg>
<doc>Click the element identified by ``locator``.</doc>
<msg timestamp="20220929 17:23:12.759" level="INFO">Clicking element '(//*[@class='a-size-base a-color-base a-text-normal'])[1]'.</msg>
<msg timestamp="20220929 17:23:13.079" level="INFO" html="true">&lt;/td&gt;&lt;/tr&gt;&lt;tr&gt;&lt;td colspan="3"&gt;&lt;a href="selenium-screenshot-39.png"&gt;&lt;img src="selenium-screenshot-39.png" width="800px"&gt;&lt;/a&gt;</msg>
<msg timestamp="20220929 17:23:13.079" level="FAIL">Element with locator '(//*[@class='a-size-base a-color-base a-text-normal'])[1]' not found.</msg>
<status status="FAIL" starttime="20220929 17:23:12.758" endtime="20220929 17:23:13.084"/>
</kw>
<status status="FAIL" starttime="20220929 17:23:12.758" endtime="20220929 17:23:13.085"/>
</kw>
<kw name="close session" library="setup" type="TEARDOWN">
<kw name="Close All Browsers" library="SeleniumLibrary">
<doc>Closes all open browsers and resets the browser cache.</doc>
<status status="PASS" starttime="20220929 17:23:13.085" endtime="20220929 17:23:13.191"/>
</kw>
<status status="PASS" starttime="20220929 17:23:13.085" endtime="20220929 17:23:13.191"/>
</kw>
<doc>Adding a product to cart</doc>
<tag>Smoke</tag>
<status status="FAIL" starttime="20220929 17:23:06.246" endtime="20220929 17:23:13.192">Element with locator '(//*[@class='a-size-base a-color-base a-text-normal'])[1]' not found.</status>
</test>
<doc>This suit for adding a product to cart</doc>
<status status="FAIL" starttime="20220929 17:23:06.134" endtime="20220929 17:23:13.192"/>
</suite>
<statistics>
<total>
<stat pass="0" fail="1" skip="0">All Tests</stat>
</total>
<tag>
<stat pass="0" fail="1" skip="0">Smoke</stat>
</tag>
<suite>
<stat pass="0" fail="1" skip="0" id="s1" name="addProductToCart">addProductToCart</stat>
</suite>
</statistics>
<errors>
</errors>
</robot>
