<?xml version="1.0" encoding="UTF-8"?>
<robot generator="Robot 5.0.1 (Python 3.8.9 on darwin)" generated="20220916 18:42:26.192" rpa="false" schemaversion="3">
<suite id="s1" name="Login" source="/Users/aliisatas/PycharmProjects/ECommerceRobotFramework/tests/login.robot">
<test id="s1-t1" name="Succesfull login" line="8">
<kw name="setup chrome" library="setup" type="SETUP">
<kw name="Get Chrome Driver" library="driver">
<var>${chrome_driver}</var>
<msg timestamp="20220916 18:42:26.388" level="INFO">====== WebDriver manager ======</msg>
<msg timestamp="20220916 18:42:26.569" level="INFO">Get LATEST chromedriver version for google-chrome 105.0.5195</msg>
<msg timestamp="20220916 18:42:26.734" level="INFO">Driver [/Users/aliisatas/.wdm/drivers/chromedriver/mac64/105.0.5195/chromedriver] found in cache</msg>
<msg timestamp="20220916 18:42:26.734" level="INFO">${chrome_driver} = /Users/aliisatas/.wdm/drivers/chromedriver/mac64/105.0.5195/chromedriver</msg>
<status status="PASS" starttime="20220916 18:42:26.388" endtime="20220916 18:42:26.734"/>
</kw>
<kw name="Create Webdriver" library="SeleniumLibrary">
<arg>${chrome_browser}</arg>
<arg>executable_path=${chrome_driver}</arg>
<doc>Creates an instance of Selenium WebDriver.</doc>
<msg timestamp="20220916 18:42:26.735" level="INFO">Creating an instance of the Chrome WebDriver.</msg>
<status status="PASS" starttime="20220916 18:42:26.735" endtime="20220916 18:42:32.420"/>
</kw>
<kw name="Go To" library="SeleniumLibrary">
<arg>${base_url}</arg>
<doc>Navigates the current browser window to the provided ``url``.</doc>
<msg timestamp="20220916 18:42:32.422" level="INFO">Opening url 'https://www.amazon.nl/'</msg>
<status status="PASS" starttime="20220916 18:42:32.421" endtime="20220916 18:42:36.249"/>
</kw>
<kw name="Maximize Browser Window" library="SeleniumLibrary">
<doc>Maximizes current browser window.</doc>
<status status="PASS" starttime="20220916 18:42:36.249" endtime="20220916 18:42:40.340"/>
</kw>
<status status="PASS" starttime="20220916 18:42:26.388" endtime="20220916 18:42:40.340"/>
</kw>
<kw name="Valid Login" library="loginSteps">
<kw name="Click Element" library="SeleniumLibrary">
<arg>${acceptcookie}</arg>
<doc>Click the element identified by ``locator``.</doc>
<msg timestamp="20220916 18:42:40.347" level="INFO">Clicking element 'sp-cc-accept'.</msg>
<status status="PASS" starttime="20220916 18:42:40.344" endtime="20220916 18:42:41.587"/>
</kw>
<kw name="Click Element" library="SeleniumLibrary">
<arg>${loginbutton}</arg>
<doc>Click the element identified by ``locator``.</doc>
<msg timestamp="20220916 18:42:41.587" level="INFO">Clicking element '//*[@class='nav-line-1-container']'.</msg>
<status status="PASS" starttime="20220916 18:42:41.587" endtime="20220916 18:42:43.759"/>
</kw>
<kw name="fill the email" library="loginKeyword">
<arg>${input_email}</arg>
<arg>dihagen296@edxplus.com</arg>
<kw name="Input Text" library="SeleniumLibrary">
<arg>${element}</arg>
<arg>${email}</arg>
<doc>Types the given ``text`` into the text field identified by ``locator``.</doc>
<msg timestamp="20220916 18:42:43.760" level="INFO">Typing text 'dihagen296@edxplus.com' into text field 'ap_email'.</msg>
<status status="PASS" starttime="20220916 18:42:43.759" endtime="20220916 18:42:45.365"/>
</kw>
<status status="PASS" starttime="20220916 18:42:43.759" endtime="20220916 18:42:45.365"/>
</kw>
<kw name="Click Element" library="SeleniumLibrary">
<arg>${continue_button}</arg>
<doc>Click the element identified by ``locator``.</doc>
<msg timestamp="20220916 18:42:45.365" level="INFO">Clicking element '//*[@class='a-button a-button-span12 a-button-primary']'.</msg>
<status status="PASS" starttime="20220916 18:42:45.365" endtime="20220916 18:42:48.097"/>
</kw>
<kw name="fill the password" library="loginKeyword">
<arg>${input_password}</arg>
<arg>123123Tek</arg>
<kw name="Input Password" library="SeleniumLibrary">
<arg>${element}</arg>
<arg>${password}</arg>
<doc>Types the given password into the text field identified by ``locator``.</doc>
<msg timestamp="20220916 18:42:48.098" level="INFO">Typing password into text field '//*[@id='ap_password']'.</msg>
<msg timestamp="20220916 18:42:48.149" level="INFO">Temporally setting log level to: NONE</msg>
<msg timestamp="20220916 18:42:48.190" level="INFO">Log level changed from NONE to INFO.</msg>
<status status="PASS" starttime="20220916 18:42:48.098" endtime="20220916 18:42:48.190"/>
</kw>
<status status="PASS" starttime="20220916 18:42:48.097" endtime="20220916 18:42:48.191"/>
</kw>
<kw name="Click Element" library="SeleniumLibrary">
<arg>${submit_button}</arg>
<doc>Click the element identified by ``locator``.</doc>
<msg timestamp="20220916 18:42:48.191" level="INFO">Clicking element 'signInSubmit'.</msg>
<status status="PASS" starttime="20220916 18:42:48.191" endtime="20220916 18:42:48.487"/>
</kw>
<kw name="Wait Until Element Is Visible" library="SeleniumLibrary">
<arg>${account_name}</arg>
<doc>Waits until the element ``locator`` is visible.</doc>
<status status="PASS" starttime="20220916 18:42:48.487" endtime="20220916 18:42:51.779"/>
</kw>
<kw name="Element Text Should Be" library="SeleniumLibrary">
<arg>${account_name}</arg>
<arg>Hallo, test</arg>
<doc>Verifies that element ``locator`` contains exact the text ``expected``.</doc>
<msg timestamp="20220916 18:42:51.779" level="INFO">Verifying element '//*[@id='nav-link-accountList-nav-line-1']' contains exact text 'Hallo, test'.</msg>
<status status="PASS" starttime="20220916 18:42:51.779" endtime="20220916 18:42:51.798"/>
</kw>
<status status="PASS" starttime="20220916 18:42:40.342" endtime="20220916 18:42:51.798"/>
</kw>
<kw name="close session" library="setup" type="TEARDOWN">
<kw name="Close All Browsers" library="SeleniumLibrary">
<doc>Closes all open browsers and resets the browser cache.</doc>
<status status="PASS" starttime="20220916 18:42:51.798" endtime="20220916 18:42:51.901"/>
</kw>
<status status="PASS" starttime="20220916 18:42:51.798" endtime="20220916 18:42:51.901"/>
</kw>
<status status="PASS" starttime="20220916 18:42:26.388" endtime="20220916 18:42:51.901"/>
</test>
<status status="PASS" starttime="20220916 18:42:26.193" endtime="20220916 18:42:51.902"/>
</suite>
<statistics>
<total>
<stat pass="1" fail="0" skip="0">All Tests</stat>
</total>
<tag>
</tag>
<suite>
<stat pass="1" fail="0" skip="0" id="s1" name="Login">Login</stat>
</suite>
</statistics>
<errors>
</errors>
</robot>
