<?xml version="1.0" encoding="UTF-8"?>
<robot generator="Robot 5.0.1 (Python 3.8.9 on darwin)" generated="20221008 21:54:31.242" rpa="false" schemaversion="3">
<suite id="s1" name="Login" source="/Users/aliisatas/PycharmProjects/ECommerceRobotFramework/tests/login.robot">
<test id="s1-t1" name="Uncecesfull login" line="14">
<kw name="setup chrome" library="setup" type="SETUP">
<kw name="Get Chrome Driver" library="driver">
<var>${chrome_driver}</var>
<msg timestamp="20221008 21:54:31.392" level="INFO">====== WebDriver manager ======</msg>
<msg timestamp="20221008 21:54:31.434" level="INFO">Get LATEST chromedriver version for google-chrome 105.0.5195</msg>
<msg timestamp="20221008 21:54:31.736" level="INFO">Driver [/Users/aliisatas/.wdm/drivers/chromedriver/mac64_m1/105.0.5195/chromedriver] found in cache</msg>
<msg timestamp="20221008 21:54:31.737" level="INFO">${chrome_driver} = /Users/aliisatas/.wdm/drivers/chromedriver/mac64_m1/105.0.5195/chromedriver</msg>
<status status="PASS" starttime="20221008 21:54:31.392" endtime="20221008 21:54:31.737"/>
</kw>
<kw name="Create Webdriver" library="SeleniumLibrary">
<arg>${chrome_browser}</arg>
<arg>executable_path=${chrome_driver}</arg>
<doc>Creates an instance of Selenium WebDriver.</doc>
<msg timestamp="20221008 21:54:31.737" level="INFO">Creating an instance of the Chrome WebDriver.</msg>
<status status="PASS" starttime="20221008 21:54:31.737" endtime="20221008 21:54:33.115"/>
</kw>
<kw name="Go To" library="SeleniumLibrary">
<arg>${base_url}</arg>
<doc>Navigates the current browser window to the provided ``url``.</doc>
<msg timestamp="20221008 21:54:33.116" level="INFO">Opening url 'https://www.amazon.nl/'</msg>
<status status="PASS" starttime="20221008 21:54:33.115" endtime="20221008 21:54:35.420"/>
</kw>
<kw name="Maximize Browser Window" library="SeleniumLibrary">
<doc>Maximizes current browser window.</doc>
<status status="PASS" starttime="20221008 21:54:35.420" endtime="20221008 21:54:35.567"/>
</kw>
<status status="PASS" starttime="20221008 21:54:31.392" endtime="20221008 21:54:35.567"/>
</kw>
<kw name="Invalid login with mail" library="loginSteps">
<kw name="Click Element" library="SeleniumLibrary">
<arg>${acceptcookie}</arg>
<doc>Click the element identified by ``locator``.</doc>
<msg timestamp="20221008 21:54:35.574" level="INFO">Clicking element 'sp-cc-accept'.</msg>
<status status="PASS" starttime="20221008 21:54:35.570" endtime="20221008 21:54:35.621"/>
</kw>
<kw name="Wait Until Element Is Visible" library="SeleniumLibrary">
<arg>${loginbutton}</arg>
<doc>Waits until the element ``locator`` is visible.</doc>
<status status="PASS" starttime="20221008 21:54:35.622" endtime="20221008 21:54:35.657"/>
</kw>
<kw name="Click Element" library="SeleniumLibrary">
<arg>${loginbutton}</arg>
<doc>Click the element identified by ``locator``.</doc>
<msg timestamp="20221008 21:54:35.657" level="INFO">Clicking element '//*[@class='nav-line-1-container']'.</msg>
<status status="PASS" starttime="20221008 21:54:35.657" endtime="20221008 21:54:35.940"/>
</kw>
<kw name="fill the email" library="loginKeyword">
<arg>${input_email}</arg>
<arg>@{all emails}[2]</arg>
<msg timestamp="20221008 21:54:35.941" level="FAIL">List '@{all emails}' has no item in index 2.</msg>
<status status="FAIL" starttime="20221008 21:54:35.940" endtime="20221008 21:54:35.941"/>
</kw>
<kw name="Wait Until Element Is Visible" library="SeleniumLibrary">
<arg>${continue_button}</arg>
<doc>Waits until the element ``locator`` is visible.</doc>
<status status="NOT RUN" starttime="20221008 21:54:35.941" endtime="20221008 21:54:35.941"/>
</kw>
<kw name="Click Element" library="SeleniumLibrary">
<arg>${continue_button}</arg>
<doc>Click the element identified by ``locator``.</doc>
<status status="NOT RUN" starttime="20221008 21:54:35.941" endtime="20221008 21:54:35.941"/>
</kw>
<kw name="error message get text" library="loginKeyword">
<status status="NOT RUN" starttime="20221008 21:54:35.941" endtime="20221008 21:54:35.941"/>
</kw>
<status status="FAIL" starttime="20221008 21:54:35.568" endtime="20221008 21:54:35.942"/>
</kw>
<kw name="close session" library="setup" type="TEARDOWN">
<kw name="Close All Browsers" library="SeleniumLibrary">
<doc>Closes all open browsers and resets the browser cache.</doc>
<status status="PASS" starttime="20221008 21:54:35.942" endtime="20221008 21:54:36.031"/>
</kw>
<status status="PASS" starttime="20221008 21:54:35.942" endtime="20221008 21:54:36.031"/>
</kw>
<doc>Insuccessfull login with invalid email and password</doc>
<tag>Smoke test for invalid</tag>
<status status="FAIL" starttime="20221008 21:54:31.386" endtime="20221008 21:54:36.031">List '@{all emails}' has no item in index 2.</status>
</test>
<doc>This suit includes valid and invalid login cases</doc>
<status status="FAIL" starttime="20221008 21:54:31.243" endtime="20221008 21:54:36.032"/>
</suite>
<statistics>
<total>
<stat pass="0" fail="1" skip="0">All Tests</stat>
</total>
<tag>
<stat pass="0" fail="1" skip="0">Smoke test for invalid</stat>
</tag>
<suite>
<stat pass="0" fail="1" skip="0" id="s1" name="Login">Login</stat>
</suite>
</statistics>
<errors>
</errors>
</robot>
