<?xml version="1.0" encoding="UTF-8"?>
<robot generator="Robot 5.0.1 (Python 3.8.9 on darwin)" generated="20220916 18:36:16.384" rpa="false" schemaversion="3">
<suite id="s1" name="Login" source="/Users/aliisatas/PycharmProjects/ECommerceRobotFramework/tests/login.robot">
<test id="s1-t1" name="Succesfull login" line="8">
<kw name="setup chrome" library="setup" type="SETUP">
<kw name="Get Chrome Driver" library="driver">
<var>${chrome_driver}</var>
<msg timestamp="20220916 18:36:16.583" level="INFO">====== WebDriver manager ======</msg>
<msg timestamp="20220916 18:36:16.784" level="INFO">Get LATEST chromedriver version for google-chrome 105.0.5195</msg>
<msg timestamp="20220916 18:36:16.968" level="INFO">Driver [/Users/aliisatas/.wdm/drivers/chromedriver/mac64/105.0.5195/chromedriver] found in cache</msg>
<msg timestamp="20220916 18:36:16.968" level="INFO">${chrome_driver} = /Users/aliisatas/.wdm/drivers/chromedriver/mac64/105.0.5195/chromedriver</msg>
<status status="PASS" starttime="20220916 18:36:16.583" endtime="20220916 18:36:16.968"/>
</kw>
<kw name="Create Webdriver" library="SeleniumLibrary">
<arg>${chrome_browser}</arg>
<arg>executable_path=${chrome_driver}</arg>
<doc>Creates an instance of Selenium WebDriver.</doc>
<msg timestamp="20220916 18:36:16.969" level="INFO">Creating an instance of the Chrome WebDriver.</msg>
<status status="PASS" starttime="20220916 18:36:16.968" endtime="20220916 18:36:21.204"/>
</kw>
<kw name="Go To" library="SeleniumLibrary">
<arg>${base_url}</arg>
<doc>Navigates the current browser window to the provided ``url``.</doc>
<msg timestamp="20220916 18:36:21.208" level="INFO">Opening url 'https://www.amazon.nl/'</msg>
<status status="PASS" starttime="20220916 18:36:21.206" endtime="20220916 18:36:30.332"/>
</kw>
<kw name="Maximize Browser Window" library="SeleniumLibrary">
<doc>Maximizes current browser window.</doc>
<status status="PASS" starttime="20220916 18:36:30.333" endtime="20220916 18:36:30.902"/>
</kw>
<status status="PASS" starttime="20220916 18:36:16.583" endtime="20220916 18:36:30.902"/>
</kw>
<kw name="Valid Login" library="loginSteps">
<kw name="Click Element" library="SeleniumLibrary">
<arg>${acceptcookie}</arg>
<doc>Click the element identified by ``locator``.</doc>
<msg timestamp="20220916 18:36:30.906" level="INFO">Clicking element 'sp-cc-accept'.</msg>
<status status="PASS" starttime="20220916 18:36:30.904" endtime="20220916 18:36:32.171"/>
</kw>
<kw name="Click Element" library="SeleniumLibrary">
<arg>${loginbutton}</arg>
<doc>Click the element identified by ``locator``.</doc>
<msg timestamp="20220916 18:36:32.172" level="INFO">Clicking element '//*[@class='nav-line-1-container']'.</msg>
<status status="PASS" starttime="20220916 18:36:32.172" endtime="20220916 18:36:34.133"/>
</kw>
<kw name="fill the email" library="loginKeyword">
<arg>${input_email}</arg>
<arg>dihagen296@edxplus.com</arg>
<kw name="Input Text" library="SeleniumLibrary">
<arg>${element}</arg>
<arg>${email}</arg>
<doc>Types the given ``text`` into the text field identified by ``locator``.</doc>
<msg timestamp="20220916 18:36:34.134" level="INFO">Typing text 'dihagen296@edxplus.com' into text field 'ap_email'.</msg>
<status status="PASS" starttime="20220916 18:36:34.134" endtime="20220916 18:36:35.804"/>
</kw>
<status status="PASS" starttime="20220916 18:36:34.133" endtime="20220916 18:36:35.804"/>
</kw>
<kw name="Click Element" library="SeleniumLibrary">
<arg>${continue_button}</arg>
<doc>Click the element identified by ``locator``.</doc>
<msg timestamp="20220916 18:36:35.804" level="INFO">Clicking element '//*[@class='a-button a-button-span12 a-button-primary']'.</msg>
<status status="PASS" starttime="20220916 18:36:35.804" endtime="20220916 18:36:38.838"/>
</kw>
<kw name="fill the password" library="loginKeyword">
<arg>${input_password}</arg>
<arg>123123Tek</arg>
<kw name="Input Password" library="SeleniumLibrary">
<arg>${element}</arg>
<arg>${password}</arg>
<doc>Types the given password into the text field identified by ``locator``.</doc>
<msg timestamp="20220916 18:36:38.839" level="INFO">Typing password into text field '//*[@id='ap_password']'.</msg>
<msg timestamp="20220916 18:36:38.877" level="INFO">Temporally setting log level to: NONE</msg>
<msg timestamp="20220916 18:36:38.918" level="INFO">Log level changed from NONE to INFO.</msg>
<status status="PASS" starttime="20220916 18:36:38.839" endtime="20220916 18:36:38.918"/>
</kw>
<status status="PASS" starttime="20220916 18:36:38.838" endtime="20220916 18:36:38.918"/>
</kw>
<kw name="Click Element" library="SeleniumLibrary">
<arg>${submit_button}</arg>
<doc>Click the element identified by ``locator``.</doc>
<msg timestamp="20220916 18:36:38.918" level="INFO">Clicking element 'signInSubmit'.</msg>
<status status="PASS" starttime="20220916 18:36:38.918" endtime="20220916 18:36:39.200"/>
</kw>
<kw name="Wait Until Element Is Visible" library="SeleniumLibrary">
<arg>${account_name}</arg>
<doc>Waits until the element ``locator`` is visible.</doc>
<status status="PASS" starttime="20220916 18:36:39.201" endtime="20220916 18:36:42.635"/>
</kw>
<kw name="Element Text Should Be" library="SeleniumLibrary">
<arg>${account_name}</arg>
<arg>Hallo, test</arg>
<doc>Verifies that element ``locator`` contains exact the text ``expected``.</doc>
<msg timestamp="20220916 18:36:42.636" level="INFO">Verifying element '//*[@id='nav-link-accountList-nav-line-1']' contains exact text 'Hallo, test'.</msg>
<status status="PASS" starttime="20220916 18:36:42.636" endtime="20220916 18:36:42.655"/>
</kw>
<status status="PASS" starttime="20220916 18:36:30.903" endtime="20220916 18:36:42.655"/>
</kw>
<kw name="close session" library="setup" type="TEARDOWN">
<kw name="Close All Browsers" library="SeleniumLibrary">
<doc>Closes all open browsers and resets the browser cache.</doc>
<status status="PASS" starttime="20220916 18:36:42.655" endtime="20220916 18:36:42.776"/>
</kw>
<status status="PASS" starttime="20220916 18:36:42.655" endtime="20220916 18:36:42.776"/>
</kw>
<status status="PASS" starttime="20220916 18:36:16.582" endtime="20220916 18:36:42.776"/>
</test>
<status status="PASS" starttime="20220916 18:36:16.386" endtime="20220916 18:36:42.777"/>
</suite>
<statistics>
<total>
<stat pass="1" fail="0" skip="0">All Tests</stat>
</total>
<tag>
</tag>
<suite>
<stat pass="1" fail="0" skip="0" id="s1" name="Login">Login</stat>
</suite>
</statistics>
<errors>
</errors>
</robot>
